<?xml version="1.0" encoding="UTF-8"?>
<!-- Generated by org.testng.reporters.JUnitReportReporter -->
<testsuite skipped="0" hostname="asda0101" name="com.qait.automation.prop.NewTest" tests="1" failures="0" timestamp="11 Jul 2018 09:19:49 GMT" time="4.023" errors="0">
  <testcase name="testlogin" time="4.023" classname="com.qait.automation.prop.NewTest"/>
</testsuite> <!-- com.qait.automation.prop.NewTest -->
